<?xml version="1.0" encoding="UTF-8"?>
<!-- Generated by org.testng.reporters.JUnitReportReporter -->
<testsuite hostname="DESKTOP-RAI2T0M" failures="0" tests="1" name="hooks.SubmitOrder" time="7.247" errors="0" timestamp="2024-06-03T11:45:45 IST" skipped="0">
  <testcase classname="hooks.SubmitOrder" name="launch" time="7.247"/>
  <system-out/>
</testsuite> <!-- hooks.SubmitOrder -->
