<?xml version="1.0" encoding="UTF-8"?>
<!-- Generated by org.testng.reporters.JUnitReportReporter -->
<testsuite hostname="DESKTOP-RAI2T0M" failures="0" tests="1" name="Hooks.Base" time="3.225" errors="0" timestamp="2024-05-19T00:26:00 IST" skipped="0">
  <testcase classname="Hooks.Base" name="launch" time="3.225"/>
  <system-out/>
</testsuite> <!-- Hooks.Base -->
