<?xml version="1.0" encoding="UTF-8"?>
<!-- Generated by org.testng.reporters.JUnitReportReporter -->
<testsuite hostname="DESKTOP-RAI2T0M" failures="0" tests="1" name="hooks.Base" time="9.357" errors="0" timestamp="2024-05-26T12:50:12 IST" skipped="0">
  <testcase classname="hooks.Base" name="launch" time="9.357"/>
  <system-out/>
</testsuite> <!-- hooks.Base -->
